<?xml version="1.0" encoding="UTF-8" ?>
<testsuite failures="0" time="0.863" errors="1" skipped="0" tests="1" name="org.jbehave.demo.google.StartTestSuite">
  <properties>
[...]
</properties>
  <testcase time="0.769" classname="org.jbehave.demo.google.StartTestSuite" name="run">
    <error message="Failures in running before or after stories steps" type="org.jbehave.core.embedder.Embedder$RunningStoriesFailed">org.jbehave.core.embedder.Embedder$RunningStoriesFailed: Failures in running before or after stories steps
	at org.jbehave.core.embedder.Embedder.runStoriesAsPaths(Embedder.java:210)
	at org.jbehave.core.junit.JUnitStories.run(JUnitStories.java:20)
	at org.jbehave.demo.google.StartTestSuite.run(StartTestSuite.java:73)
	at sun.reflect.NativeMethodAccessorImpl.invoke0(Native Method)
	at sun.reflect.NativeMethodAccessorImpl.invoke(NativeMethodAccessorImpl.java:57)
	at sun.reflect.DelegatingMethodAccessorImpl.invoke(DelegatingMethodAccessorImpl.java:43)
	at java.lang.reflect.Method.invoke(Method.java:606)
	at org.junit.runners.model.FrameworkMethod$1.runReflectiveCall(FrameworkMethod.java:44)
	at org.junit.internal.runners.model.ReflectiveCallable.run(ReflectiveCallable.java:15)
	at org.junit.runners.model.FrameworkMethod.invokeExplosively(FrameworkMethod.java:41)
	at org.junit.internal.runners.statements.InvokeMethod.evaluate(InvokeMethod.java:20)
	at org.junit.runners.BlockJUnit4ClassRunner.runNotIgnored(BlockJUnit4ClassRunner.java:79)
	at org.junit.runners.BlockJUnit4ClassRunner.runChild(BlockJUnit4ClassRunner.java:71)
	at org.junit.runners.BlockJUnit4ClassRunner.runChild(BlockJUnit4ClassRunner.java:49)
	at org.junit.runners.ParentRunner$3.run(ParentRunner.java:193)
	at org.junit.runners.ParentRunner$1.schedule(ParentRunner.java:52)
	at org.junit.runners.ParentRunner.runChildren(ParentRunner.java:191)
	at org.junit.runners.ParentRunner.access$000(ParentRunner.java:42)
	at org.junit.runners.ParentRunner$2.evaluate(ParentRunner.java:184)
	at org.junit.runners.ParentRunner.run(ParentRunner.java:236)
	at org.apache.maven.surefire.junit4.JUnit4TestSet.execute(JUnit4TestSet.java:53)
	at org.apache.maven.surefire.junit4.JUnit4Provider.executeTestSet(JUnit4Provider.java:119)
	at org.apache.maven.surefire.junit4.JUnit4Provider.invoke(JUnit4Provider.java:101)
	at sun.reflect.NativeMethodAccessorImpl.invoke0(Native Method)
	at sun.reflect.NativeMethodAccessorImpl.invoke(NativeMethodAccessorImpl.java:57)
	at sun.reflect.DelegatingMethodAccessorImpl.invoke(DelegatingMethodAccessorImpl.java:43)
	at java.lang.reflect.Method.invoke(Method.java:606)
	at org.apache.maven.surefire.booter.ProviderFactory$ClassLoaderProxy.invoke(ProviderFactory.java:103)
	at com.sun.proxy.$Proxy0.invoke(Unknown Source)
	at org.apache.maven.surefire.booter.SurefireStarter.invokeProvider(SurefireStarter.java:150)
	at org.apache.maven.surefire.booter.SurefireStarter.runSuitesInProcess(SurefireStarter.java:74)
	at org.apache.maven.surefire.booter.ForkedBooter.main(ForkedBooter.java:69)
</error>
    <system-out>@HL
@HL-------------------------------------------------------
@HL T E S T S
@HL-------------------------------------------------------
@SLRunning org.jbehave.demo.google.StartTestSuite
14:51:37.640 INFO - Java: Oracle Corporation 24.45-b08
14:51:37.641 INFO - OS: Windows 7 6.1 amd64
14:51:37.653 INFO - v2.35.0, with Core v2.35.0. Built from revision 8df0c6bedf70ff9f22c647788f9fe9c8d22210e2
14:51:37.860 INFO - RemoteWebDriver instances should connect to: http://127.0.0.1:4444/wd/hub
14:51:37.864 INFO - Version Jetty/5.1.x
14:51:37.866 INFO - Started HttpContext[/selenium-server/driver,/selenium-server/driver]
14:51:37.869 INFO - Started HttpContext[/selenium-server,/selenium-server]
14:51:37.870 INFO - Started HttpContext[/,/]
14:51:37.909 INFO - Started org.openqa.jetty.jetty.servlet.ServletHandler@5381062e
14:51:37.909 INFO - Started HttpContext[/wd,/wd]
14:51:37.917 INFO - Started SocketListener on 0.0.0.0:4444
14:51:37.917 INFO - Started org.openqa.jetty.jetty.Server@67df1074
Processing system properties {}

(BeforeStories)


(AfterStories)

</system-out>
  </testcase>
</testsuite>